{"content": {"suites": {"0": {"status": {"total_pass": 0, "total_skip": 0, "total_xpass": 0, "total_xfail": 0, "total_rerun": 0, "total_fail": 3, "total_error": 0}, "tests": {"0": {"status": "FAIL", "message": "   selenium.common.exceptions.ElementClickInterceptedException: Message: element click intercepted: Element <button disabled=\"\" class=\"btn btn-primary d-inline-block\">...</button> is not clickable at point (955, 883). Other element would receive the click: <div class=\"col-12 text-center mt-4\">...</div>\n     (Session info: chrome=124.0.6367.119)\n   Stacktrace:\n   \tGetHandleVerifier [0x00007FF7CC831502+60802]\n   \t(No symbol) [0x00007FF7CC7AAC02]\n   \t(No symbol) [0x00007FF7CC667CE4]\n   \t(No symbol) [0x00007FF7CC6BE877]\n   \t(No symbol) [0x00007FF7CC6BC344]\n   \t(No symbol) [0x00007FF7CC6B980A]\n   \t(No symbol) [0x00007FF7CC6B89E2]\n   \t(No symbol) [0x00007FF7CC6AAE8B]\n   \t(No symbol) [0x00007FF7CC6DAB7A]\n   \t(No symbol) [0x00007FF7CC6AA7C6]\n   \t(No symbol) [0x00007FF7CC6DAD90]\n   \t(No symbol) [0x00007FF7CC6FA224]\n   \t(No symbol) [0x00007FF7CC6DA923]\n   \t(No symbol) [0x00007FF7CC6A8FEC]\n   \t(No symbol) [0x00007FF7CC6A9C21]\n   \tGetHandleVerifier [0x00007FF7CCB3411D+3217821]\n   \tGetHandleVerifier [0x00007FF7CCB760B7+3488055]\n   \tGetHandleVerifier [0x00007FF7CCB6F03F+3459263]\n   \tGetHandleVerifier [0x00007FF7CC8EB846+823494]\n   \t(No symbol) [0x00007FF7CC7B5F9F]\n   \t(No symbol) [0x00007FF7CC7B0EC4]\n   \t(No symbol) [0x00007FF7CC7B1052]\n   \t(No symbol) [0x00007FF7CC7A18A4]\n   \tBaseThreadInitThunk [0x00007FFC5FF57344+20]\n   \tRtlUserThreadStart [0x00007FFC61A426B1+33]\n", "test_name": "test_solving_evaluations_test", "rerun": "0"}, "1": {"status": "FAIL", "message": "           ConnectionResetError: [WinError 10054] An existing connection was forcibly closed by the remote host\n           urllib3.exceptions.ProtocolError: ('Connection aborted.', ConnectionResetError(10054, 'An existing connection was forcibly closed by the remote host', None, 10054, None))\n", "test_name": "test_display_of_evaluations", "rerun": "0"}, "2": {"status": "FAIL", "message": "   selenium.common.exceptions.NoSuchWindowException: Message: no such window: target window already closed\n   from unknown error: web view not found\n     (Session info: chrome=124.0.6367.119)\n   Stacktrace:\n   \tGetHandleVerifier [0x00007FF7CC831502+60802]\n   \t(No symbol) [0x00007FF7CC7AAC02]\n   \t(No symbol) [0x00007FF7CC667CE4]\n   \t(No symbol) [0x00007FF7CC63DFDF]\n   \t(No symbol) [0x00007FF7CC6E1E57]\n   \t(No symbol) [0x00007FF7CC6F98D1]\n   \t(No symbol) [0x00007FF7CC6DA923]\n   \t(No symbol) [0x00007FF7CC6A8FEC]\n   \t(No symbol) [0x00007FF7CC6A9C21]\n   \tGetHandleVerifier [0x00007FF7CCB3411D+3217821]\n   \tGetHandleVerifier [0x00007FF7CCB760B7+3488055]\n   \tGetHandleVerifier [0x00007FF7CCB6F03F+3459263]\n   \tGetHandleVerifier [0x00007FF7CC8EB846+823494]\n   \t(No symbol) [0x00007FF7CC7B5F9F]\n   \t(No symbol) [0x00007FF7CC7B0EC4]\n   \t(No symbol) [0x00007FF7CC7B1052]\n   \t(No symbol) [0x00007FF7CC7A18A4]\n   \tBaseThreadInitThunk [0x00007FFC5FF57344+20]\n   \tRtlUserThreadStart [0x00007FFC61A426B1+33]\n", "test_name": "test_solving_test_of_software", "rerun": "0"}}, "suite_name": "degerlendirmeler/test_evaluations.py"}}}, "date": "May 04, 2024", "start_time": 1714776635.2567716, "total_suite": 1, "status": "FAIL", "status_list": {"pass": "0", "fail": "3", "skip": "0", "error": "0", "xpass": "0", "xfail": "0", "rerun": "0"}, "total_tests": "3"}