{"content": {"suites": {"0": {"status": {"total_pass": 4, "total_skip": 0, "total_xpass": 0, "total_xfail": 0, "total_rerun": 0, "total_fail": 3, "total_error": 0}, "tests": {"0": {"status": "FAIL", "message": "   selenium.common.exceptions.TimeoutException: Message: \n   Stacktrace:\n   \tGetHandleVerifier [0x00007FF7CC831502+60802]\n   \t(No symbol) [0x00007FF7CC7AAC02]\n   \t(No symbol) [0x00007FF7CC667CE4]\n   \t(No symbol) [0x00007FF7CC6B6D4D]\n   \t(No symbol) [0x00007FF7CC6B6E1C]\n   \t(No symbol) [0x00007FF7CC6FCE37]\n   \t(No symbol) [0x00007FF7CC6DABBF]\n   \t(No symbol) [0x00007FF7CC6FA224]\n   \t(No symbol) [0x00007FF7CC6DA923]\n   \t(No symbol) [0x00007FF7CC6A8FEC]\n   \t(No symbol) [0x00007FF7CC6A9C21]\n   \tGetHandleVerifier [0x00007FF7CCB3411D+3217821]\n   \tGetHandleVerifier [0x00007FF7CCB760B7+3488055]\n   \tGetHandleVerifier [0x00007FF7CCB6F03F+3459263]\n   \tGetHandleVerifier [0x00007FF7CC8EB846+823494]\n   \t(No symbol) [0x00007FF7CC7B5F9F]\n   \t(No symbol) [0x00007FF7CC7B0EC4]\n   \t(No symbol) [0x00007FF7CC7B1052]\n   \t(No symbol) [0x00007FF7CC7A18A4]\n   \tBaseThreadInitThunk [0x00007FFC5FF57344+20]\n   \tRtlUserThreadStart [0x00007FFC61A426B1+33]\n", "test_name": "test_add_education", "rerun": "0"}, "1": {"status": "FAIL", "message": "   selenium.common.exceptions.TimeoutException: Message: \n   Stacktrace:\n   \tGetHandleVerifier [0x00007FF7CC831502+60802]\n   \t(No symbol) [0x00007FF7CC7AAC02]\n   \t(No symbol) [0x00007FF7CC667CE4]\n   \t(No symbol) [0x00007FF7CC6B6D4D]\n   \t(No symbol) [0x00007FF7CC6B6E1C]\n   \t(No symbol) [0x00007FF7CC6FCE37]\n   \t(No symbol) [0x00007FF7CC6DABBF]\n   \t(No symbol) [0x00007FF7CC6FA224]\n   \t(No symbol) [0x00007FF7CC6DA923]\n   \t(No symbol) [0x00007FF7CC6A8FEC]\n   \t(No symbol) [0x00007FF7CC6A9C21]\n   \tGetHandleVerifier [0x00007FF7CCB3411D+3217821]\n   \tGetHandleVerifier [0x00007FF7CCB760B7+3488055]\n   \tGetHandleVerifier [0x00007FF7CCB6F03F+3459263]\n   \tGetHandleVerifier [0x00007FF7CC8EB846+823494]\n   \t(No symbol) [0x00007FF7CC7B5F9F]\n   \t(No symbol) [0x00007FF7CC7B0EC4]\n   \t(No symbol) [0x00007FF7CC7B1052]\n   \t(No symbol) [0x00007FF7CC7A18A4]\n   \tBaseThreadInitThunk [0x00007FFC5FF57344+20]\n   \tRtlUserThreadStart [0x00007FFC61A426B1+33]\n", "test_name": "test_add_continuing_education", "rerun": "0"}, "2": {"status": "PASS", "message": "", "test_name": "test_blankSpaces_error_messages", "rerun": "0"}, "3": {"status": "PASS", "message": "", "test_name": "test_delete_education", "rerun": "0"}, "4": {"status": "FAIL", "message": "   AssertionError: Devam et butonu t\u0131klanabilir durumda\n   assert not True\n    +  where True = <bound method WebElement.is_enabled of <selenium.webdriver.remote.webelement.WebElement (session=\"a6c0d8841e6f545783c79503798c63f8\", element=\"f.E8AC60CF5D37CB4BFB8C14E48E1BB918.d.3FB64125606EF39A8E84411586D53200.e.189\")>>()\n    +    where <bound method WebElement.is_enabled of <selenium.webdriver.remote.webelement.WebElement (session=\"a6c0d8841e6f545783c79503798c63f8\", element=\"f.E8AC60CF5D37CB4BFB8C14E48E1BB918.d.3FB64125606EF39A8E84411586D53200.e.189\")>> = <selenium.webdriver.remote.webelement.WebElement (session=\"a6c0d8841e6f545783c79503798c63f8\", element=\"f.E8AC60CF5D37CB4BFB8C14E48E1BB918.d.3FB64125606EF39A8E84411586D53200.e.189\")>.is_enabled\n", "test_name": "test_continueButton_with_graduationYear_BUG", "rerun": "0"}, "5": {"status": "PASS", "message": "", "test_name": "test_max_character_limit", "rerun": "0"}, "6": {"status": "PASS", "message": "", "test_name": "test_min_character_limit", "rerun": "0"}}, "suite_name": "egitimHayatim/test_myEducationLife.py"}}}, "date": "May 04, 2024", "start_time": 1714775442.380569, "total_suite": 1, "status": "FAIL", "status_list": {"pass": "4", "fail": "3", "skip": "0", "error": "0", "xpass": "0", "xfail": "0", "rerun": "0"}, "total_tests": "7"}