{"content": {"suites": {"0": {"status": {"total_pass": 0, "total_skip": 0, "total_xpass": 0, "total_xfail": 0, "total_rerun": 0, "total_fail": 14, "total_error": 0}, "tests": {"0": {"status": "FAIL", "message": "   selenium.common.exceptions.TimeoutException: Message: \n   Stacktrace:\n   \tGetHandleVerifier [0x00007FF6C2B21502+60802]\n   \t(No symbol) [0x00007FF6C2A9AC02]\n   \t(No symbol) [0x00007FF6C2957CE4]\n   \t(No symbol) [0x00007FF6C29A6D4D]\n   \t(No symbol) [0x00007FF6C29A6E1C]\n   \t(No symbol) [0x00007FF6C29ECE37]\n   \t(No symbol) [0x00007FF6C29CABBF]\n   \t(No symbol) [0x00007FF6C29EA224]\n   \t(No symbol) [0x00007FF6C29CA923]\n   \t(No symbol) [0x00007FF6C2998FEC]\n   \t(No symbol) [0x00007FF6C2999C21]\n   \tGetHandleVerifier [0x00007FF6C2E2411D+3217821]\n   \tGetHandleVerifier [0x00007FF6C2E660B7+3488055]\n   \tGetHandleVerifier [0x00007FF6C2E5F03F+3459263]\n   \tGetHandleVerifier [0x00007FF6C2BDB846+823494]\n   \t(No symbol) [0x00007FF6C2AA5F9F]\n   \t(No symbol) [0x00007FF6C2AA0EC4]\n   \t(No symbol) [0x00007FF6C2AA1052]\n   \t(No symbol) [0x00007FF6C2A918A4]\n   \tBaseThreadInitThunk [0x00007FFC5FF57344+20]\n   \tRtlUserThreadStart [0x00007FFC61A426B1+33]\n", "test_name": "test_valid_register", "rerun": "0"}, "1": {"status": "FAIL", "message": "   selenium.common.exceptions.NoSuchWindowException: Message: no such window: target window already closed\n   from unknown error: web view not found\n     (Session info: chrome=124.0.6367.118)\n   Stacktrace:\n   \tGetHandleVerifier [0x00007FF6C2B21502+60802]\n   \t(No symbol) [0x00007FF6C2A9AC02]\n   \t(No symbol) [0x00007FF6C2957CE4]\n   \t(No symbol) [0x00007FF6C292DFDF]\n   \t(No symbol) [0x00007FF6C29D1E57]\n   \t(No symbol) [0x00007FF6C29E98D1]\n   \t(No symbol) [0x00007FF6C29CA923]\n   \t(No symbol) [0x00007FF6C2998FEC]\n   \t(No symbol) [0x00007FF6C2999C21]\n   \tGetHandleVerifier [0x00007FF6C2E2411D+3217821]\n   \tGetHandleVerifier [0x00007FF6C2E660B7+3488055]\n   \tGetHandleVerifier [0x00007FF6C2E5F03F+3459263]\n   \tGetHandleVerifier [0x00007FF6C2BDB846+823494]\n   \t(No symbol) [0x00007FF6C2AA5F9F]\n   \t(No symbol) [0x00007FF6C2AA0EC4]\n   \t(No symbol) [0x00007FF6C2AA1052]\n   \t(No symbol) [0x00007FF6C2A918A4]\n   \tBaseThreadInitThunk [0x00007FFC5FF57344+20]\n   \tRtlUserThreadStart [0x00007FFC61A426B1+33]\n", "test_name": "test_invalid_register[-Tan\\u0131\\u015f-123456.=.-123456.=.-ahmetsuattanis10@gmail.com]", "rerun": "0"}, "2": {"status": "FAIL", "message": "   selenium.common.exceptions.NoSuchWindowException: Message: no such window: target window already closed\n   from unknown error: web view not found\n     (Session info: chrome=124.0.6367.118)\n   Stacktrace:\n   \tGetHandleVerifier [0x00007FF6C2B21502+60802]\n   \t(No symbol) [0x00007FF6C2A9AC02]\n   \t(No symbol) [0x00007FF6C2957CE4]\n   \t(No symbol) [0x00007FF6C292DFDF]\n   \t(No symbol) [0x00007FF6C29D1E57]\n   \t(No symbol) [0x00007FF6C29E98D1]\n   \t(No symbol) [0x00007FF6C29CA923]\n   \t(No symbol) [0x00007FF6C2998FEC]\n   \t(No symbol) [0x00007FF6C2999C21]\n   \tGetHandleVerifier [0x00007FF6C2E2411D+3217821]\n   \tGetHandleVerifier [0x00007FF6C2E660B7+3488055]\n   \tGetHandleVerifier [0x00007FF6C2E5F03F+3459263]\n   \tGetHandleVerifier [0x00007FF6C2BDB846+823494]\n   \t(No symbol) [0x00007FF6C2AA5F9F]\n   \t(No symbol) [0x00007FF6C2AA0EC4]\n   \t(No symbol) [0x00007FF6C2AA1052]\n   \t(No symbol) [0x00007FF6C2A918A4]\n   \tBaseThreadInitThunk [0x00007FFC5FF57344+20]\n   \tRtlUserThreadStart [0x00007FFC61A426B1+33]\n", "test_name": "test_invalid_register[Ahmet Suat--123456.=.-123456.=.-ahmetsuattanis10@gmail.com]", "rerun": "0"}, "3": {"status": "FAIL", "message": "   selenium.common.exceptions.NoSuchWindowException: Message: no such window: target window already closed\n   from unknown error: web view not found\n     (Session info: chrome=124.0.6367.118)\n   Stacktrace:\n   \tGetHandleVerifier [0x00007FF6C2B21502+60802]\n   \t(No symbol) [0x00007FF6C2A9AC02]\n   \t(No symbol) [0x00007FF6C2957CE4]\n   \t(No symbol) [0x00007FF6C292DFDF]\n   \t(No symbol) [0x00007FF6C29D1E57]\n   \t(No symbol) [0x00007FF6C29E98D1]\n   \t(No symbol) [0x00007FF6C29CA923]\n   \t(No symbol) [0x00007FF6C2998FEC]\n   \t(No symbol) [0x00007FF6C2999C21]\n   \tGetHandleVerifier [0x00007FF6C2E2411D+3217821]\n   \tGetHandleVerifier [0x00007FF6C2E660B7+3488055]\n   \tGetHandleVerifier [0x00007FF6C2E5F03F+3459263]\n   \tGetHandleVerifier [0x00007FF6C2BDB846+823494]\n   \t(No symbol) [0x00007FF6C2AA5F9F]\n   \t(No symbol) [0x00007FF6C2AA0EC4]\n   \t(No symbol) [0x00007FF6C2AA1052]\n   \t(No symbol) [0x00007FF6C2A918A4]\n   \tBaseThreadInitThunk [0x00007FFC5FF57344+20]\n   \tRtlUserThreadStart [0x00007FFC61A426B1+33]\n", "test_name": "test_invalid_register[Ahmet Suat-Tan\\u0131\\u015f--123456.=.-ahmetsuattanis10@gmail.com]", "rerun": "0"}, "4": {"status": "FAIL", "message": "   selenium.common.exceptions.NoSuchWindowException: Message: no such window: target window already closed\n   from unknown error: web view not found\n     (Session info: chrome=124.0.6367.118)\n   Stacktrace:\n   \tGetHandleVerifier [0x00007FF6C2B21502+60802]\n   \t(No symbol) [0x00007FF6C2A9AC02]\n   \t(No symbol) [0x00007FF6C2957CE4]\n   \t(No symbol) [0x00007FF6C292DFDF]\n   \t(No symbol) [0x00007FF6C29D1E57]\n   \t(No symbol) [0x00007FF6C29E98D1]\n   \t(No symbol) [0x00007FF6C29CA923]\n   \t(No symbol) [0x00007FF6C2998FEC]\n   \t(No symbol) [0x00007FF6C2999C21]\n   \tGetHandleVerifier [0x00007FF6C2E2411D+3217821]\n   \tGetHandleVerifier [0x00007FF6C2E660B7+3488055]\n   \tGetHandleVerifier [0x00007FF6C2E5F03F+3459263]\n   \tGetHandleVerifier [0x00007FF6C2BDB846+823494]\n   \t(No symbol) [0x00007FF6C2AA5F9F]\n   \t(No symbol) [0x00007FF6C2AA0EC4]\n   \t(No symbol) [0x00007FF6C2AA1052]\n   \t(No symbol) [0x00007FF6C2A918A4]\n   \tBaseThreadInitThunk [0x00007FFC5FF57344+20]\n   \tRtlUserThreadStart [0x00007FFC61A426B1+33]\n", "test_name": "test_invalid_register[Ahmet Suat-Tan\\u0131\\u015f-123456.=.--ahmetsuattanis10@gmail.com]", "rerun": "0"}, "5": {"status": "FAIL", "message": "   selenium.common.exceptions.NoSuchWindowException: Message: no such window: target window already closed\n   from unknown error: web view not found\n     (Session info: chrome=124.0.6367.118)\n   Stacktrace:\n   \tGetHandleVerifier [0x00007FF6C2B21502+60802]\n   \t(No symbol) [0x00007FF6C2A9AC02]\n   \t(No symbol) [0x00007FF6C2957CE4]\n   \t(No symbol) [0x00007FF6C292DFDF]\n   \t(No symbol) [0x00007FF6C29D1E57]\n   \t(No symbol) [0x00007FF6C29E98D1]\n   \t(No symbol) [0x00007FF6C29CA923]\n   \t(No symbol) [0x00007FF6C2998FEC]\n   \t(No symbol) [0x00007FF6C2999C21]\n   \tGetHandleVerifier [0x00007FF6C2E2411D+3217821]\n   \tGetHandleVerifier [0x00007FF6C2E660B7+3488055]\n   \tGetHandleVerifier [0x00007FF6C2E5F03F+3459263]\n   \tGetHandleVerifier [0x00007FF6C2BDB846+823494]\n   \t(No symbol) [0x00007FF6C2AA5F9F]\n   \t(No symbol) [0x00007FF6C2AA0EC4]\n   \t(No symbol) [0x00007FF6C2AA1052]\n   \t(No symbol) [0x00007FF6C2A918A4]\n   \tBaseThreadInitThunk [0x00007FFC5FF57344+20]\n   \tRtlUserThreadStart [0x00007FFC61A426B1+33]\n", "test_name": "test_invalid_register[Ahmet Suat-Tan\\u0131\\u015f-123456.=.-123456.=.-]", "rerun": "0"}, "6": {"status": "FAIL", "message": "   selenium.common.exceptions.NoSuchWindowException: Message: no such window: target window already closed\n   from unknown error: web view not found\n     (Session info: chrome=124.0.6367.118)\n   Stacktrace:\n   \tGetHandleVerifier [0x00007FF6C2B21502+60802]\n   \t(No symbol) [0x00007FF6C2A9AC02]\n   \t(No symbol) [0x00007FF6C2957CE4]\n   \t(No symbol) [0x00007FF6C292DFDF]\n   \t(No symbol) [0x00007FF6C29D1E57]\n   \t(No symbol) [0x00007FF6C29E98D1]\n   \t(No symbol) [0x00007FF6C29CA923]\n   \t(No symbol) [0x00007FF6C2998FEC]\n   \t(No symbol) [0x00007FF6C2999C21]\n   \tGetHandleVerifier [0x00007FF6C2E2411D+3217821]\n   \tGetHandleVerifier [0x00007FF6C2E660B7+3488055]\n   \tGetHandleVerifier [0x00007FF6C2E5F03F+3459263]\n   \tGetHandleVerifier [0x00007FF6C2BDB846+823494]\n   \t(No symbol) [0x00007FF6C2AA5F9F]\n   \t(No symbol) [0x00007FF6C2AA0EC4]\n   \t(No symbol) [0x00007FF6C2AA1052]\n   \t(No symbol) [0x00007FF6C2A918A4]\n   \tBaseThreadInitThunk [0x00007FFC5FF57344+20]\n   \tRtlUserThreadStart [0x00007FFC61A426B1+33]\n", "test_name": "test_invalid_register[----]", "rerun": "0"}, "7": {"status": "FAIL", "message": "   selenium.common.exceptions.NoSuchWindowException: Message: no such window: target window already closed\n   from unknown error: web view not found\n     (Session info: chrome=124.0.6367.118)\n   Stacktrace:\n   \tGetHandleVerifier [0x00007FF6C2B21502+60802]\n   \t(No symbol) [0x00007FF6C2A9AC02]\n   \t(No symbol) [0x00007FF6C2957CE4]\n   \t(No symbol) [0x00007FF6C292DFDF]\n   \t(No symbol) [0x00007FF6C29D1E57]\n   \t(No symbol) [0x00007FF6C29E98D1]\n   \t(No symbol) [0x00007FF6C29CA923]\n   \t(No symbol) [0x00007FF6C2998FEC]\n   \t(No symbol) [0x00007FF6C2999C21]\n   \tGetHandleVerifier [0x00007FF6C2E2411D+3217821]\n   \tGetHandleVerifier [0x00007FF6C2E660B7+3488055]\n   \tGetHandleVerifier [0x00007FF6C2E5F03F+3459263]\n   \tGetHandleVerifier [0x00007FF6C2BDB846+823494]\n   \t(No symbol) [0x00007FF6C2AA5F9F]\n   \t(No symbol) [0x00007FF6C2AA0EC4]\n   \t(No symbol) [0x00007FF6C2AA1052]\n   \t(No symbol) [0x00007FF6C2A918A4]\n   \tBaseThreadInitThunk [0x00007FFC5FF57344+20]\n   \tRtlUserThreadStart [0x00007FFC61A426B1+33]\n", "test_name": "test_differentPasswords_errorMessage_register", "rerun": "0"}, "8": {"status": "FAIL", "message": "   selenium.common.exceptions.NoSuchWindowException: Message: no such window: target window already closed\n   from unknown error: web view not found\n     (Session info: chrome=124.0.6367.118)\n   Stacktrace:\n   \tGetHandleVerifier [0x00007FF6C2B21502+60802]\n   \t(No symbol) [0x00007FF6C2A9AC02]\n   \t(No symbol) [0x00007FF6C2957CE4]\n   \t(No symbol) [0x00007FF6C292DFDF]\n   \t(No symbol) [0x00007FF6C29D1E57]\n   \t(No symbol) [0x00007FF6C29E98D1]\n   \t(No symbol) [0x00007FF6C29CA923]\n   \t(No symbol) [0x00007FF6C2998FEC]\n   \t(No symbol) [0x00007FF6C2999C21]\n   \tGetHandleVerifier [0x00007FF6C2E2411D+3217821]\n   \tGetHandleVerifier [0x00007FF6C2E660B7+3488055]\n   \tGetHandleVerifier [0x00007FF6C2E5F03F+3459263]\n   \tGetHandleVerifier [0x00007FF6C2BDB846+823494]\n   \t(No symbol) [0x00007FF6C2AA5F9F]\n   \t(No symbol) [0x00007FF6C2AA0EC4]\n   \t(No symbol) [0x00007FF6C2AA1052]\n   \t(No symbol) [0x00007FF6C2A918A4]\n   \tBaseThreadInitThunk [0x00007FFC5FF57344+20]\n   \tRtlUserThreadStart [0x00007FFC61A426B1+33]\n", "test_name": "test_invalidEmail_errorMessage", "rerun": "0"}, "9": {"status": "FAIL", "message": "   selenium.common.exceptions.NoSuchWindowException: Message: no such window: target window already closed\n   from unknown error: web view not found\n     (Session info: chrome=124.0.6367.118)\n   Stacktrace:\n   \tGetHandleVerifier [0x00007FF6C2B21502+60802]\n   \t(No symbol) [0x00007FF6C2A9AC02]\n   \t(No symbol) [0x00007FF6C2957CE4]\n   \t(No symbol) [0x00007FF6C292DFDF]\n   \t(No symbol) [0x00007FF6C29D1E57]\n   \t(No symbol) [0x00007FF6C29E98D1]\n   \t(No symbol) [0x00007FF6C29CA923]\n   \t(No symbol) [0x00007FF6C2998FEC]\n   \t(No symbol) [0x00007FF6C2999C21]\n   \tGetHandleVerifier [0x00007FF6C2E2411D+3217821]\n   \tGetHandleVerifier [0x00007FF6C2E660B7+3488055]\n   \tGetHandleVerifier [0x00007FF6C2E5F03F+3459263]\n   \tGetHandleVerifier [0x00007FF6C2BDB846+823494]\n   \t(No symbol) [0x00007FF6C2AA5F9F]\n   \t(No symbol) [0x00007FF6C2AA0EC4]\n   \t(No symbol) [0x00007FF6C2AA1052]\n   \t(No symbol) [0x00007FF6C2A918A4]\n   \tBaseThreadInitThunk [0x00007FFC5FF57344+20]\n   \tRtlUserThreadStart [0x00007FFC61A426B1+33]\n", "test_name": "test_registeredEmail_errorMessage", "rerun": "0"}, "10": {"status": "FAIL", "message": "   selenium.common.exceptions.NoSuchWindowException: Message: no such window: target window already closed\n   from unknown error: web view not found\n     (Session info: chrome=124.0.6367.118)\n   Stacktrace:\n   \tGetHandleVerifier [0x00007FF6C2B21502+60802]\n   \t(No symbol) [0x00007FF6C2A9AC02]\n   \t(No symbol) [0x00007FF6C2957CE4]\n   \t(No symbol) [0x00007FF6C292DFDF]\n   \t(No symbol) [0x00007FF6C29D1E57]\n   \t(No symbol) [0x00007FF6C29E98D1]\n   \t(No symbol) [0x00007FF6C29CA923]\n   \t(No symbol) [0x00007FF6C2998FEC]\n   \t(No symbol) [0x00007FF6C2999C21]\n   \tGetHandleVerifier [0x00007FF6C2E2411D+3217821]\n   \tGetHandleVerifier [0x00007FF6C2E660B7+3488055]\n   \tGetHandleVerifier [0x00007FF6C2E5F03F+3459263]\n   \tGetHandleVerifier [0x00007FF6C2BDB846+823494]\n   \t(No symbol) [0x00007FF6C2AA5F9F]\n   \t(No symbol) [0x00007FF6C2AA0EC4]\n   \t(No symbol) [0x00007FF6C2AA1052]\n   \t(No symbol) [0x00007FF6C2A918A4]\n   \tBaseThreadInitThunk [0x00007FFC5FF57344+20]\n   \tRtlUserThreadStart [0x00007FFC61A426B1+33]\n", "test_name": "test_continueButton_passivityControl_withBlankAgreements", "rerun": "0"}, "11": {"status": "FAIL", "message": "           ConnectionResetError: [WinError 10054] An existing connection was forcibly closed by the remote host\n           urllib3.exceptions.ProtocolError: ('Connection aborted.', ConnectionResetError(10054, 'An existing connection was forcibly closed by the remote host', None, 10054, None))\n", "test_name": "test_phoneNumberMaxMin_errorMessages", "rerun": "0"}, "12": {"status": "FAIL", "message": "   selenium.common.exceptions.NoSuchWindowException: Message: no such window: target window already closed\n   from unknown error: web view not found\n     (Session info: chrome=124.0.6367.118)\n   Stacktrace:\n   \tGetHandleVerifier [0x00007FF6C2B21502+60802]\n   \t(No symbol) [0x00007FF6C2A9AC02]\n   \t(No symbol) [0x00007FF6C2957CE4]\n   \t(No symbol) [0x00007FF6C292DFDF]\n   \t(No symbol) [0x00007FF6C29D1E57]\n   \t(No symbol) [0x00007FF6C29E98D1]\n   \t(No symbol) [0x00007FF6C29CA923]\n   \t(No symbol) [0x00007FF6C2998FEC]\n   \t(No symbol) [0x00007FF6C2999C21]\n   \tGetHandleVerifier [0x00007FF6C2E2411D+3217821]\n   \tGetHandleVerifier [0x00007FF6C2E660B7+3488055]\n   \tGetHandleVerifier [0x00007FF6C2E5F03F+3459263]\n   \tGetHandleVerifier [0x00007FF6C2BDB846+823494]\n   \t(No symbol) [0x00007FF6C2AA5F9F]\n   \t(No symbol) [0x00007FF6C2AA0EC4]\n   \t(No symbol) [0x00007FF6C2AA1052]\n   \t(No symbol) [0x00007FF6C2A918A4]\n   \tBaseThreadInitThunk [0x00007FFC5FF57344+20]\n   \tRtlUserThreadStart [0x00007FFC61A426B1+33]\n", "test_name": "test_for_previouslyUsed_phoneNumber", "rerun": "0"}, "13": {"status": "FAIL", "message": "   selenium.common.exceptions.NoSuchWindowException: Message: no such window: target window already closed\n   from unknown error: web view not found\n     (Session info: chrome=124.0.6367.118)\n   Stacktrace:\n   \tGetHandleVerifier [0x00007FF6C2B21502+60802]\n   \t(No symbol) [0x00007FF6C2A9AC02]\n   \t(No symbol) [0x00007FF6C2957CE4]\n   \t(No symbol) [0x00007FF6C292DFDF]\n   \t(No symbol) [0x00007FF6C29D1E57]\n   \t(No symbol) [0x00007FF6C29E98D1]\n   \t(No symbol) [0x00007FF6C29CA923]\n   \t(No symbol) [0x00007FF6C2998FEC]\n   \t(No symbol) [0x00007FF6C2999C21]\n   \tGetHandleVerifier [0x00007FF6C2E2411D+3217821]\n   \tGetHandleVerifier [0x00007FF6C2E660B7+3488055]\n   \tGetHandleVerifier [0x00007FF6C2E5F03F+3459263]\n   \tGetHandleVerifier [0x00007FF6C2BDB846+823494]\n   \t(No symbol) [0x00007FF6C2AA5F9F]\n   \t(No symbol) [0x00007FF6C2AA0EC4]\n   \t(No symbol) [0x00007FF6C2AA1052]\n   \t(No symbol) [0x00007FF6C2A918A4]\n   \tBaseThreadInitThunk [0x00007FFC5FF57344+20]\n   \tRtlUserThreadStart [0x00007FFC61A426B1+33]\n", "test_name": "test_reCAPTHCHA_errorMessage", "rerun": "0"}}, "suite_name": "kayitOl/test_register.py"}}}, "date": "May 02, 2024", "start_time": 1714680577.9493487, "total_suite": 1, "status": "FAIL", "status_list": {"pass": "0", "fail": "14", "skip": "0", "error": "0", "xpass": "0", "xfail": "0", "rerun": "0"}, "total_tests": "14"}